<?xml version="1.0" encoding="UTF-8"?>
<testng-results ignored="0" total="1" passed="1" failed="0" skipped="0">
  <reporter-output>
  </reporter-output>
  <suite started-at="2026-07-19T16:04:02 ICT" name="Command line suite" finished-at="2026-07-19T16:04:07 ICT" duration-ms="5126">
    <groups>
    </groups>
    <test started-at="2026-07-19T16:04:02 ICT" name="Command line test" finished-at="2026-07-19T16:04:07 ICT" duration-ms="5126">
      <class name="com.linh.Bai20_PageFactory.testcases.DashboardTest">
        <test-method is-config="true" signature="CreateBrowser()[pri:0, instance:com.linh.Bai20_PageFactory.testcases.DashboardTest@15b3e5b]" started-at="2026-07-19T16:04:02 ICT" name="CreateBrowser" finished-at="2026-07-19T16:04:05 ICT" duration-ms="2758" status="PASS">
          <reporter-output>
          </reporter-output>
        </test-method> <!-- CreateBrowser -->
        <test-method signature="testChecklistMenuDashboard()[pri:0, instance:com.linh.Bai20_PageFactory.testcases.DashboardTest@15b3e5b]" started-at="2026-07-19T16:04:05 ICT" name="testChecklistMenuDashboard" finished-at="2026-07-19T16:04:07 ICT" duration-ms="2262" status="PASS">
          <reporter-output>
          </reporter-output>
        </test-method> <!-- testChecklistMenuDashboard -->
        <test-method is-config="true" signature="CloseBrowser()[pri:0, instance:com.linh.Bai20_PageFactory.testcases.DashboardTest@15b3e5b]" started-at="2026-07-19T16:04:07 ICT" name="CloseBrowser" finished-at="2026-07-19T16:04:07 ICT" duration-ms="93" status="PASS">
          <reporter-output>
          </reporter-output>
        </test-method> <!-- CloseBrowser -->
      </class> <!-- com.linh.Bai20_PageFactory.testcases.DashboardTest -->
    </test> <!-- Command line test -->
  </suite> <!-- Command line suite -->
</testng-results>
