<?xml version="1.0" encoding="UTF-8"?>
<!-- Generated by org.testng.reporters.JUnitReportReporter -->
<testsuite hostname="ip-192-168-2-203.ap-southeast-1.compute.internal" failures="0" tests="1" name="com.linh.Bai20_PageFactory.testcases.DashboardTest" time="5.113" errors="0" timestamp="2026-07-19T16:04:07 ICT" skipped="0">
  <testcase classname="com.linh.Bai20_PageFactory.testcases.DashboardTest" name="testChecklistMenuDashboard" time="5.113"/>
</testsuite> <!-- com.linh.Bai20_PageFactory.testcases.DashboardTest -->
